<?xml version="1.0" encoding="UTF-8"?>
<testsuite name="rest_api.event.merchant.MerchantSaveEventListenerTest" tests="2" skipped="0" failures="0" errors="0" timestamp="2018-03-22T13:59:31" hostname="aherrington-Precision-5520" time="0.036">
  <properties/>
  <testcase name="givenBoardingIsOn_whenSaveMerchant_thenBoard" classname="rest_api.event.merchant.MerchantSaveEventListenerTest" time="0.03"/>
  <testcase name="givenBoardingIsOff_whenSaveMerchant_thenDoNotBoard" classname="rest_api.event.merchant.MerchantSaveEventListenerTest" time="0.005"/>
  <system-out><![CDATA[08:59:23,309 |-INFO in ch.qos.logback.classic.LoggerContext[default] - Could NOT find resource [logback.groovy]
08:59:23,310 |-INFO in ch.qos.logback.classic.LoggerContext[default] - Found resource [logback-test.xml] at [file:/home/aherrington/REST_API/build/resources/test/logback-test.xml]
08:59:23,357 |-INFO in ch.qos.logback.classic.joran.action.ConfigurationAction - debug attribute not set
08:59:23,361 |-INFO in ch.qos.logback.core.joran.action.AppenderAction - About to instantiate appender of type [ch.qos.logback.core.ConsoleAppender]
08:59:23,363 |-INFO in ch.qos.logback.core.joran.action.AppenderAction - Naming appender as [STDOUT]
08:59:23,399 |-WARN in ch.qos.logback.core.ConsoleAppender[STDOUT] - This appender no longer admits a layout as a sub-component, set an encoder instead.
08:59:23,399 |-WARN in ch.qos.logback.core.ConsoleAppender[STDOUT] - To ensure compatibility, wrapping your layout in LayoutWrappingEncoder.
08:59:23,399 |-WARN in ch.qos.logback.core.ConsoleAppender[STDOUT] - See also http://logback.qos.ch/codes.html#layoutInsteadOfEncoder for details
08:59:23,400 |-INFO in ch.qos.logback.core.joran.action.AppenderAction - About to instantiate appender of type [ch.qos.logback.core.rolling.RollingFileAppender]
08:59:23,402 |-INFO in ch.qos.logback.core.joran.action.AppenderAction - Naming appender as [EXCEPTION-LOG]
08:59:23,411 |-INFO in c.q.l.core.rolling.TimeBasedRollingPolicy@1556864978 - No compression will be used
08:59:23,412 |-INFO in c.q.l.core.rolling.TimeBasedRollingPolicy@1556864978 - Will use the pattern /home/aherrington/REST_API/logs/error.log.%d{yyyy-MM-dd}.%i.histolog for the active file
08:59:23,415 |-INFO in ch.qos.logback.core.rolling.SizeAndTimeBasedFNATP@4c7a91ea - The date pattern is 'yyyy-MM-dd' from file name pattern '/home/aherrington/REST_API/logs/error.log.%d{yyyy-MM-dd}.%i.histolog'.
08:59:23,415 |-INFO in ch.qos.logback.core.rolling.SizeAndTimeBasedFNATP@4c7a91ea - Roll-over at midnight.
08:59:23,417 |-INFO in ch.qos.logback.core.rolling.SizeAndTimeBasedFNATP@4c7a91ea - Setting initial period to Wed Mar 21 15:44:50 CDT 2018
08:59:23,417 |-WARN in ch.qos.logback.core.rolling.SizeAndTimeBasedFNATP@4c7a91ea - SizeAndTimeBasedFNATP is deprecated. Use SizeAndTimeBasedRollingPolicy instead
08:59:23,417 |-WARN in ch.qos.logback.core.rolling.SizeAndTimeBasedFNATP@4c7a91ea - For more information see http://logback.qos.ch/manual/appenders.html#SizeAndTimeBasedRollingPolicy
08:59:23,420 |-INFO in ch.qos.logback.core.rolling.RollingFileAppender[EXCEPTION-LOG] - Active log file name: /home/aherrington/REST_API/logs/error.log
08:59:23,420 |-INFO in ch.qos.logback.core.rolling.RollingFileAppender[EXCEPTION-LOG] - File property is set to [/home/aherrington/REST_API/logs/error.log]
08:59:23,421 |-INFO in ch.qos.logback.core.joran.action.AppenderAction - About to instantiate appender of type [ch.qos.logback.core.rolling.RollingFileAppender]
08:59:23,421 |-INFO in ch.qos.logback.core.joran.action.AppenderAction - Naming appender as [ASYNC-LOG]
08:59:23,422 |-INFO in c.q.l.core.rolling.TimeBasedRollingPolicy@1755670737 - No compression will be used
08:59:23,423 |-INFO in c.q.l.core.rolling.TimeBasedRollingPolicy@1755670737 - Will use the pattern /home/aherrington/REST_API/logs/async.log.%d{yyyy-MM-dd}.%i.histolog for the active file
08:59:23,423 |-INFO in ch.qos.logback.core.rolling.SizeAndTimeBasedFNATP@707fc55a - The date pattern is 'yyyy-MM-dd' from file name pattern '/home/aherrington/REST_API/logs/async.log.%d{yyyy-MM-dd}.%i.histolog'.
08:59:23,423 |-INFO in ch.qos.logback.core.rolling.SizeAndTimeBasedFNATP@707fc55a - Roll-over at midnight.
08:59:23,424 |-INFO in ch.qos.logback.core.rolling.SizeAndTimeBasedFNATP@707fc55a - Setting initial period to Thu Mar 08 09:52:08 CST 2018
08:59:23,424 |-WARN in ch.qos.logback.core.rolling.SizeAndTimeBasedFNATP@707fc55a - SizeAndTimeBasedFNATP is deprecated. Use SizeAndTimeBasedRollingPolicy instead
08:59:23,424 |-WARN in ch.qos.logback.core.rolling.SizeAndTimeBasedFNATP@707fc55a - For more information see http://logback.qos.ch/manual/appenders.html#SizeAndTimeBasedRollingPolicy
08:59:23,424 |-INFO in ch.qos.logback.core.rolling.RollingFileAppender[ASYNC-LOG] - Active log file name: /home/aherrington/REST_API/logs/async.log
08:59:23,424 |-INFO in ch.qos.logback.core.rolling.RollingFileAppender[ASYNC-LOG] - File property is set to [/home/aherrington/REST_API/logs/async.log]
08:59:23,424 |-INFO in ch.qos.logback.core.joran.action.AppenderAction - About to instantiate appender of type [ch.qos.logback.core.rolling.RollingFileAppender]
08:59:23,424 |-INFO in ch.qos.logback.core.joran.action.AppenderAction - Naming appender as [REQUEST-LOG]
08:59:23,426 |-INFO in c.q.l.core.rolling.TimeBasedRollingPolicy@1925755336 - No compression will be used
08:59:23,426 |-INFO in c.q.l.core.rolling.TimeBasedRollingPolicy@1925755336 - Will use the pattern /home/aherrington/REST_API/logs/request.log.%d{yyyy-MM-dd}.%i.log for the active file
08:59:23,427 |-INFO in ch.qos.logback.core.rolling.SizeAndTimeBasedFNATP@6aa59bba - The date pattern is 'yyyy-MM-dd' from file name pattern '/home/aherrington/REST_API/logs/request.log.%d{yyyy-MM-dd}.%i.log'.
08:59:23,427 |-INFO in ch.qos.logback.core.rolling.SizeAndTimeBasedFNATP@6aa59bba - Roll-over at midnight.
08:59:23,427 |-INFO in ch.qos.logback.core.rolling.SizeAndTimeBasedFNATP@6aa59bba - Setting initial period to Fri Mar 02 16:43:28 CST 2018
08:59:23,428 |-WARN in ch.qos.logback.core.rolling.SizeAndTimeBasedFNATP@6aa59bba - SizeAndTimeBasedFNATP is deprecated. Use SizeAndTimeBasedRollingPolicy instead
08:59:23,428 |-WARN in ch.qos.logback.core.rolling.SizeAndTimeBasedFNATP@6aa59bba - For more information see http://logback.qos.ch/manual/appenders.html#SizeAndTimeBasedRollingPolicy
08:59:23,428 |-INFO in ch.qos.logback.core.rolling.RollingFileAppender[REQUEST-LOG] - Active log file name: /home/aherrington/REST_API/logs/request.log
08:59:23,428 |-INFO in ch.qos.logback.core.rolling.RollingFileAppender[REQUEST-LOG] - File property is set to [/home/aherrington/REST_API/logs/request.log]
08:59:23,428 |-INFO in ch.qos.logback.core.joran.action.AppenderAction - About to instantiate appender of type [ch.qos.logback.core.rolling.RollingFileAppender]
08:59:23,428 |-INFO in ch.qos.logback.core.joran.action.AppenderAction - Naming appender as [AUDIT-LOG]
08:59:23,430 |-INFO in c.q.l.core.rolling.TimeBasedRollingPolicy@696620511 - No compression will be used
08:59:23,430 |-INFO in c.q.l.core.rolling.TimeBasedRollingPolicy@696620511 - Will use the pattern /home/aherrington/REST_API/logs/audit.log.%d{yyyy-MM-dd}.%i.log for the active file
08:59:23,431 |-INFO in ch.qos.logback.core.rolling.SizeAndTimeBasedFNATP@275ec0a0 - The date pattern is 'yyyy-MM-dd' from file name pattern '/home/aherrington/REST_API/logs/audit.log.%d{yyyy-MM-dd}.%i.log'.
08:59:23,431 |-INFO in ch.qos.logback.core.rolling.SizeAndTimeBasedFNATP@275ec0a0 - Roll-over at midnight.
08:59:23,431 |-INFO in ch.qos.logback.core.rolling.SizeAndTimeBasedFNATP@275ec0a0 - Setting initial period to Fri Mar 02 13:28:04 CST 2018
08:59:23,431 |-WARN in ch.qos.logback.core.rolling.SizeAndTimeBasedFNATP@275ec0a0 - SizeAndTimeBasedFNATP is deprecated. Use SizeAndTimeBasedRollingPolicy instead
08:59:23,431 |-WARN in ch.qos.logback.core.rolling.SizeAndTimeBasedFNATP@275ec0a0 - For more information see http://logback.qos.ch/manual/appenders.html#SizeAndTimeBasedRollingPolicy
08:59:23,432 |-INFO in ch.qos.logback.core.rolling.RollingFileAppender[AUDIT-LOG] - Active log file name: /home/aherrington/REST_API/logs/audit.log
08:59:23,432 |-INFO in ch.qos.logback.core.rolling.RollingFileAppender[AUDIT-LOG] - File property is set to [/home/aherrington/REST_API/logs/audit.log]
08:59:23,432 |-INFO in ch.qos.logback.classic.joran.action.LoggerAction - Setting level of logger [request-log] to INFO
08:59:23,435 |-INFO in ch.qos.logback.classic.joran.action.LoggerAction - Setting additivity of logger [request-log] to false
08:59:23,435 |-INFO in ch.qos.logback.core.joran.action.AppenderRefAction - Attaching appender named [STDOUT] to Logger[request-log]
08:59:23,435 |-INFO in ch.qos.logback.classic.joran.action.LoggerAction - Setting level of logger [audit-log] to INFO
08:59:23,435 |-INFO in ch.qos.logback.classic.joran.action.LoggerAction - Setting additivity of logger [audit-log] to false
08:59:23,435 |-INFO in ch.qos.logback.core.joran.action.AppenderRefAction - Attaching appender named [STDOUT] to Logger[audit-log]
08:59:23,435 |-INFO in ch.qos.logback.classic.joran.action.LoggerAction - Setting level of logger [exceptions-log] to ERROR
08:59:23,435 |-INFO in ch.qos.logback.classic.joran.action.LoggerAction - Setting additivity of logger [exceptions-log] to false
08:59:23,435 |-INFO in ch.qos.logback.core.joran.action.AppenderRefAction - Attaching appender named [STDOUT] to Logger[exceptions-log]
08:59:23,435 |-INFO in ch.qos.logback.classic.joran.action.LoggerAction - Setting level of logger [async-log] to ERROR
08:59:23,435 |-INFO in ch.qos.logback.classic.joran.action.LoggerAction - Setting additivity of logger [async-log] to false
08:59:23,435 |-INFO in ch.qos.logback.core.joran.action.AppenderRefAction - Attaching appender named [STDOUT] to Logger[async-log]
08:59:23,436 |-INFO in ch.qos.logback.classic.joran.action.RootLoggerAction - Setting level of ROOT logger to ERROR
08:59:23,436 |-INFO in ch.qos.logback.core.joran.action.AppenderRefAction - Attaching appender named [STDOUT] to Logger[ROOT]
08:59:23,436 |-INFO in ch.qos.logback.classic.joran.action.ConfigurationAction - End of configuration.
08:59:23,436 |-INFO in ch.qos.logback.classic.joran.JoranConfigurator@10af7372 - Registering current configuration as safe fallback point


  .   ____          _            __ _ _
 /\\ / ___'_ __ _ _(_)_ __  __ _ \ \ \ \
( ( )\___ | '_ | '_| | '_ \/ _` | \ \ \ \
 \\/  ___)| |_)| | | | | || (_| |  ) ) ) )
  '  |____| .__|_| |_|_| |_\__, | / / / /
 =========|_|==============|___/=/_/_/_/
 :: Spring Boot ::       (v1.5.10.RELEASE)

2018-03-22 08:59:23 [Test worker] WARN  o.s.b.t.j.DuplicateJsonObjectContextCustomizerFactory$DuplicateJsonObjectContextCustomizer - 

Found multiple occurrences of org.json.JSONObject on the class path:

	jar:file:/home/aherrington/.gradle/caches/modules-2/files-2.1/org.json/json/20160212/a742e3f85161835b95877478c5dd5b405cefaab9/json-20160212.jar!/org/json/JSONObject.class
	jar:file:/home/aherrington/.gradle/caches/modules-2/files-2.1/com.vaadin.external.google/android-json/0.0.20131108.vaadin1/fa26d351fe62a6a17f5cda1287c1c6110dec413f/android-json-0.0.20131108.vaadin1.jar!/org/json/JSONObject.class

You may wish to exclude one of them to ensure predictable runtime behavior

2018-03-22 08:59:23 [Test worker] INFO  o.s.w.c.s.GenericWebApplicationContext - Refreshing org.springframework.web.context.support.GenericWebApplicationContext@22835736: startup date [Thu Mar 22 08:59:23 CDT 2018]; root of context hierarchy
2018-03-22 08:59:29 [Test worker] INFO  o.s.w.s.m.m.a.RequestMappingHandlerMapping - Mapped "{[/v1/merchant/{id}],methods=[PUT]}" onto public org.springframework.hateoas.Resource<rest_api.entity.merchant.MerchantDto> rest_api.entity.merchant.MerchantController.update(long,rest_api.entity.merchant.MerchantDto) throws rest_api.entity.merchant.MerchantNotFoundException
2018-03-22 08:59:29 [Test worker] INFO  o.s.w.s.m.m.a.RequestMappingHandlerMapping - Mapped "{[/v1/merchant],methods=[GET]}" onto public rest_api.entity.merchant.MerchantDtoResources rest_api.entity.merchant.MerchantController.find(org.springframework.data.domain.Pageable) throws rest_api.security.UnauthorizedAccessException
2018-03-22 08:59:29 [Test worker] INFO  o.s.w.s.m.m.a.RequestMappingHandlerMapping - Mapped "{[/v1/merchant/{id}],methods=[GET],produces=[application/json || application/xml]}" onto public org.springframework.hateoas.Resource<rest_api.entity.merchant.MerchantDto> rest_api.entity.merchant.MerchantController.find(long) throws rest_api.entity.merchant.MerchantNotFoundException
2018-03-22 08:59:29 [Test worker] INFO  o.s.w.s.m.m.a.RequestMappingHandlerMapping - Mapped "{[/v1/merchant/{id}],methods=[DELETE]}" onto public org.springframework.http.ResponseEntity rest_api.entity.merchant.MerchantController.delete(long) throws rest_api.entity.merchant.MerchantNotFoundException
2018-03-22 08:59:29 [Test worker] INFO  o.s.w.s.m.m.a.RequestMappingHandlerMapping - Mapped "{[/v1/merchant],methods=[POST]}" onto public org.springframework.hateoas.Resource<rest_api.entity.merchant.MerchantDto> rest_api.entity.merchant.MerchantController.create(rest_api.entity.merchant.MerchantDto) throws rest_api.security.UnauthorizedAccessException
2018-03-22 08:59:29 [Test worker] INFO  o.s.w.s.m.m.a.RequestMappingHandlerMapping - Mapped "{[/v1/merchant/{merchantId}/payment/{paymentId}],methods=[GET]}" onto public org.springframework.hateoas.Resource<rest_api.entity.payment.PaymentDto> rest_api.entity.payment.PaymentController.find(long,long) throws rest_api.entity.merchant.MerchantNotFoundException,rest_api.entity.payment.PaymentNotFoundException,rest_api.security.UnauthorizedAccessException
2018-03-22 08:59:29 [Test worker] INFO  o.s.w.s.m.m.a.RequestMappingHandlerMapping - Mapped "{[/v1/merchant/{merchantId}/payment],methods=[GET]}" onto public rest_api.entity.payment.PaymentDtoResources rest_api.entity.payment.PaymentController.find(long,org.springframework.data.domain.Pageable) throws rest_api.entity.merchant.MerchantNotFoundException,rest_api.security.UnauthorizedAccessException
2018-03-22 08:59:29 [Test worker] INFO  o.s.w.s.m.m.a.RequestMappingHandlerMapping - Mapped "{[/v1/merchant/{merchantId}/payment/{paymentId}],methods=[DELETE]}" onto public org.springframework.http.ResponseEntity rest_api.entity.payment.PaymentController.delete(long,long) throws rest_api.entity.merchant.MerchantNotFoundException,rest_api.entity.payment.PaymentNotFoundException
2018-03-22 08:59:29 [Test worker] INFO  o.s.w.s.m.m.a.RequestMappingHandlerMapping - Mapped "{[/v1/merchant/{merchantId}/payment],methods=[POST]}" onto public org.springframework.hateoas.Resource<rest_api.entity.payment.PaymentDto> rest_api.entity.payment.PaymentController.create(long,rest_api.entity.payment.PaymentDto) throws rest_api.entity.merchant.MerchantNotFoundException,rest_api.security.UnauthorizedAccessException
2018-03-22 08:59:29 [Test worker] INFO  o.s.w.s.m.m.a.RequestMappingHandlerMapping - Mapped "{[/user/token],methods=[GET]}" onto public rest_api.security.oauth.JwtToken rest_api.entity.user.UserController.getJwtToken(java.lang.String,java.lang.String) throws rest_api.security.UnauthorizedAccessException
2018-03-22 08:59:29 [Test worker] INFO  o.s.w.s.m.m.a.RequestMappingHandlerMapping - Mapped "{[/user/create],methods=[POST]}" onto public rest_api.entity.user.UserDto rest_api.entity.user.UserController.createNewUser(rest_api.entity.user.UserDto) throws rest_api.entity.user.UserExistsException
2018-03-22 08:59:29 [Test worker] INFO  o.s.w.s.m.m.a.RequestMappingHandlerMapping - Mapped "{[/error],produces=[text/html]}" onto public org.springframework.web.servlet.ModelAndView org.springframework.boot.autoconfigure.web.BasicErrorController.errorHtml(javax.servlet.http.HttpServletRequest,javax.servlet.http.HttpServletResponse)
2018-03-22 08:59:29 [Test worker] INFO  o.s.w.s.m.m.a.RequestMappingHandlerMapping - Mapped "{[/error]}" onto public org.springframework.http.ResponseEntity<java.util.Map<java.lang.String, java.lang.Object>> org.springframework.boot.autoconfigure.web.BasicErrorController.error(javax.servlet.http.HttpServletRequest)
2018-03-22 08:59:30 [Test worker] INFO  o.s.w.s.m.m.a.RequestMappingHandlerAdapter - Looking for @ControllerAdvice: org.springframework.web.context.support.GenericWebApplicationContext@22835736: startup date [Thu Mar 22 08:59:23 CDT 2018]; root of context hierarchy
2018-03-22 08:59:30 [Test worker] INFO  o.s.w.s.m.m.a.ExceptionHandlerExceptionResolver - Detected @ExceptionHandler methods in controllerExceptionHandler
null
]]></system-out>
  <system-err><![CDATA[Thu Mar 22 08:59:25 CDT 2018 WARN: Establishing SSL connection without server's identity verification is not recommended. According to MySQL 5.5.45+, 5.6.26+ and 5.7.6+ requirements SSL connection must be established by default if explicit option isn't set. For compliance with existing applications not using SSL the verifyServerCertificate property is set to 'false'. You need either to explicitly disable SSL by setting useSSL=false, or set useSSL=true and provide truststore for server certificate verification.
Thu Mar 22 08:59:26 CDT 2018 WARN: Establishing SSL connection without server's identity verification is not recommended. According to MySQL 5.5.45+, 5.6.26+ and 5.7.6+ requirements SSL connection must be established by default if explicit option isn't set. For compliance with existing applications not using SSL the verifyServerCertificate property is set to 'false'. You need either to explicitly disable SSL by setting useSSL=false, or set useSSL=true and provide truststore for server certificate verification.
Thu Mar 22 08:59:26 CDT 2018 WARN: Establishing SSL connection without server's identity verification is not recommended. According to MySQL 5.5.45+, 5.6.26+ and 5.7.6+ requirements SSL connection must be established by default if explicit option isn't set. For compliance with existing applications not using SSL the verifyServerCertificate property is set to 'false'. You need either to explicitly disable SSL by setting useSSL=false, or set useSSL=true and provide truststore for server certificate verification.
Thu Mar 22 08:59:26 CDT 2018 WARN: Establishing SSL connection without server's identity verification is not recommended. According to MySQL 5.5.45+, 5.6.26+ and 5.7.6+ requirements SSL connection must be established by default if explicit option isn't set. For compliance with existing applications not using SSL the verifyServerCertificate property is set to 'false'. You need either to explicitly disable SSL by setting useSSL=false, or set useSSL=true and provide truststore for server certificate verification.
Thu Mar 22 08:59:26 CDT 2018 WARN: Establishing SSL connection without server's identity verification is not recommended. According to MySQL 5.5.45+, 5.6.26+ and 5.7.6+ requirements SSL connection must be established by default if explicit option isn't set. For compliance with existing applications not using SSL the verifyServerCertificate property is set to 'false'. You need either to explicitly disable SSL by setting useSSL=false, or set useSSL=true and provide truststore for server certificate verification.
Thu Mar 22 08:59:26 CDT 2018 WARN: Establishing SSL connection without server's identity verification is not recommended. According to MySQL 5.5.45+, 5.6.26+ and 5.7.6+ requirements SSL connection must be established by default if explicit option isn't set. For compliance with existing applications not using SSL the verifyServerCertificate property is set to 'false'. You need either to explicitly disable SSL by setting useSSL=false, or set useSSL=true and provide truststore for server certificate verification.
Thu Mar 22 08:59:26 CDT 2018 WARN: Establishing SSL connection without server's identity verification is not recommended. According to MySQL 5.5.45+, 5.6.26+ and 5.7.6+ requirements SSL connection must be established by default if explicit option isn't set. For compliance with existing applications not using SSL the verifyServerCertificate property is set to 'false'. You need either to explicitly disable SSL by setting useSSL=false, or set useSSL=true and provide truststore for server certificate verification.
Thu Mar 22 08:59:26 CDT 2018 WARN: Establishing SSL connection without server's identity verification is not recommended. According to MySQL 5.5.45+, 5.6.26+ and 5.7.6+ requirements SSL connection must be established by default if explicit option isn't set. For compliance with existing applications not using SSL the verifyServerCertificate property is set to 'false'. You need either to explicitly disable SSL by setting useSSL=false, or set useSSL=true and provide truststore for server certificate verification.
Thu Mar 22 08:59:26 CDT 2018 WARN: Establishing SSL connection without server's identity verification is not recommended. According to MySQL 5.5.45+, 5.6.26+ and 5.7.6+ requirements SSL connection must be established by default if explicit option isn't set. For compliance with existing applications not using SSL the verifyServerCertificate property is set to 'false'. You need either to explicitly disable SSL by setting useSSL=false, or set useSSL=true and provide truststore for server certificate verification.
Thu Mar 22 08:59:26 CDT 2018 WARN: Establishing SSL connection without server's identity verification is not recommended. According to MySQL 5.5.45+, 5.6.26+ and 5.7.6+ requirements SSL connection must be established by default if explicit option isn't set. For compliance with existing applications not using SSL the verifyServerCertificate property is set to 'false'. You need either to explicitly disable SSL by setting useSSL=false, or set useSSL=true and provide truststore for server certificate verification.
]]></system-err>
</testsuite>
