<?xml version="1.0" encoding="UTF-8"?>
<testsuite name="rest_api.entity.payment.PaymentControllerTest" tests="12" skipped="0" failures="0" errors="0" timestamp="2018-03-22T14:00:20" hostname="aherrington-Precision-5520" time="0.08">
  <properties/>
  <testcase name="givenMerchantDoesNotExist_whenCreatePayment_throwMerchantNotFoundException" classname="rest_api.entity.payment.PaymentControllerTest" time="0.006"/>
  <testcase name="givenMerchantDoesNotExist_whenFindByMerchantAndPaymentIds_thenReturnNotFound" classname="rest_api.entity.payment.PaymentControllerTest" time="0.004"/>
  <testcase name="givenMerchantAndPaymentExist_whenDeletePayment_succeedInDeletingPayment" classname="rest_api.entity.payment.PaymentControllerTest" time="0.003"/>
  <testcase name="givenPaymentDoesNotExist_whenDeletePayment_thenThrowPaymentNotFoundException" classname="rest_api.entity.payment.PaymentControllerTest" time="0.003"/>
  <testcase name="givenMerchantDoesNotExist_whenDeletePayment_thenThrowMerchantNotFoundException" classname="rest_api.entity.payment.PaymentControllerTest" time="0.003"/>
  <testcase name="givenPaymentDoesNotExist_whenFindByMerchantAndPaymentIds_thenReturnNotFound" classname="rest_api.entity.payment.PaymentControllerTest" time="0.004"/>
  <testcase name="givenPaymentAndMerchantExist_whenFindByMerchantAndPaymentIds_thenReturnPayment" classname="rest_api.entity.payment.PaymentControllerTest" time="0.017"/>
  <testcase name="givenMerchantExists_whenFindAllPaymentsByMerchantId_thenReturnOnlyOwnedPayments" classname="rest_api.entity.payment.PaymentControllerTest" time="0.013"/>
  <testcase name="givenNonOwnerAction_whenDeletePayment_thenReturnNotFound" classname="rest_api.entity.payment.PaymentControllerTest" time="0.003"/>
  <testcase name="givenMerchantExists_whenCreatePayment_thenSaveSuccessfully" classname="rest_api.entity.payment.PaymentControllerTest" time="0.006"/>
  <testcase name="givenNonOwnerAccessToPayment_whenFindByMerchantAndPaymentIds_thenReturnUnauthorized" classname="rest_api.entity.payment.PaymentControllerTest" time="0.005"/>
  <testcase name="givenNoMerchantsExist_whenFindAllPaymentsByMerchantId_thenReturnNotFound" classname="rest_api.entity.payment.PaymentControllerTest" time="0.004"/>
  <system-out><![CDATA[
  .   ____          _            __ _ _
 /\\ / ___'_ __ _ _(_)_ __  __ _ \ \ \ \
( ( )\___ | '_ | '_| | '_ \/ _` | \ \ \ \
 \\/  ___)| |_)| | | | | || (_| |  ) ) ) )
  '  |____| .__|_| |_|_| |_\__, | / / / /
 =========|_|==============|___/=/_/_/_/
 :: Spring Boot ::       (v1.5.10.RELEASE)

2018-03-22 09:00:19 [Test worker] WARN  o.s.b.t.j.DuplicateJsonObjectContextCustomizerFactory$DuplicateJsonObjectContextCustomizer - 

Found multiple occurrences of org.json.JSONObject on the class path:

	jar:file:/home/aherrington/.gradle/caches/modules-2/files-2.1/org.json/json/20160212/a742e3f85161835b95877478c5dd5b405cefaab9/json-20160212.jar!/org/json/JSONObject.class
	jar:file:/home/aherrington/.gradle/caches/modules-2/files-2.1/com.vaadin.external.google/android-json/0.0.20131108.vaadin1/fa26d351fe62a6a17f5cda1287c1c6110dec413f/android-json-0.0.20131108.vaadin1.jar!/org/json/JSONObject.class

You may wish to exclude one of them to ensure predictable runtime behavior

2018-03-22 09:00:19 [Test worker] INFO  o.s.w.c.s.GenericWebApplicationContext - Refreshing org.springframework.web.context.support.GenericWebApplicationContext@584700ea: startup date [Thu Mar 22 09:00:19 CDT 2018]; root of context hierarchy
2018-03-22 09:00:19 [Test worker] INFO  o.s.w.s.m.m.a.RequestMappingHandlerMapping - Mapped "{[/v1/merchant/{merchantId}/payment/{paymentId}],methods=[GET]}" onto public org.springframework.hateoas.Resource<rest_api.entity.payment.PaymentDto> rest_api.entity.payment.PaymentController.find(long,long) throws rest_api.entity.merchant.MerchantNotFoundException,rest_api.entity.payment.PaymentNotFoundException,rest_api.security.UnauthorizedAccessException
2018-03-22 09:00:19 [Test worker] INFO  o.s.w.s.m.m.a.RequestMappingHandlerMapping - Mapped "{[/v1/merchant/{merchantId}/payment],methods=[GET]}" onto public rest_api.entity.payment.PaymentDtoResources rest_api.entity.payment.PaymentController.find(long,org.springframework.data.domain.Pageable) throws rest_api.entity.merchant.MerchantNotFoundException,rest_api.security.UnauthorizedAccessException
2018-03-22 09:00:19 [Test worker] INFO  o.s.w.s.m.m.a.RequestMappingHandlerMapping - Mapped "{[/v1/merchant/{merchantId}/payment/{paymentId}],methods=[DELETE]}" onto public org.springframework.http.ResponseEntity rest_api.entity.payment.PaymentController.delete(long,long) throws rest_api.entity.merchant.MerchantNotFoundException,rest_api.entity.payment.PaymentNotFoundException
2018-03-22 09:00:19 [Test worker] INFO  o.s.w.s.m.m.a.RequestMappingHandlerMapping - Mapped "{[/v1/merchant/{merchantId}/payment],methods=[POST]}" onto public org.springframework.hateoas.Resource<rest_api.entity.payment.PaymentDto> rest_api.entity.payment.PaymentController.create(long,rest_api.entity.payment.PaymentDto) throws rest_api.entity.merchant.MerchantNotFoundException,rest_api.security.UnauthorizedAccessException
2018-03-22 09:00:19 [Test worker] INFO  o.s.w.s.m.m.a.RequestMappingHandlerMapping - Mapped "{[/error],produces=[text/html]}" onto public org.springframework.web.servlet.ModelAndView org.springframework.boot.autoconfigure.web.BasicErrorController.errorHtml(javax.servlet.http.HttpServletRequest,javax.servlet.http.HttpServletResponse)
2018-03-22 09:00:19 [Test worker] INFO  o.s.w.s.m.m.a.RequestMappingHandlerMapping - Mapped "{[/error]}" onto public org.springframework.http.ResponseEntity<java.util.Map<java.lang.String, java.lang.Object>> org.springframework.boot.autoconfigure.web.BasicErrorController.error(javax.servlet.http.HttpServletRequest)
2018-03-22 09:00:19 [Test worker] INFO  o.s.w.s.m.m.a.RequestMappingHandlerAdapter - Looking for @ControllerAdvice: org.springframework.web.context.support.GenericWebApplicationContext@584700ea: startup date [Thu Mar 22 09:00:19 CDT 2018]; root of context hierarchy
2018-03-22 09:00:19 [Test worker] INFO  o.s.w.s.m.m.a.ExceptionHandlerExceptionResolver - Detected @ExceptionHandler methods in controllerExceptionHandler
]]></system-out>
  <system-err><![CDATA[]]></system-err>
</testsuite>
