<?xml version="1.0" encoding="UTF-8"?>
<testsuite name="rest_api.entity.payment.PaymentServiceImplTest" tests="8" skipped="0" failures="0" errors="0" timestamp="2018-03-22T14:00:19" hostname="aherrington-Precision-5520" time="0.047">
  <properties/>
  <testcase name="givenMerchantDoesNotExist_whenFindPaymentByMerchantAndPaymentId_thenThrowMerchantNotFoundException" classname="rest_api.entity.payment.PaymentServiceImplTest" time="0.004"/>
  <testcase name="givenMerchantExists_whenFindPaymentsByMerchant_thenReturnPayments" classname="rest_api.entity.payment.PaymentServiceImplTest" time="0.008"/>
  <testcase name="givenMerchantAndPaymentExist_whenFindPaymentByMerchantAndPaymentId_thenReturnPayment" classname="rest_api.entity.payment.PaymentServiceImplTest" time="0.009"/>
  <testcase name="givenPaymentDoesNotExists_whenFindPaymentByMerchantAndPaymentId_thenThrowException" classname="rest_api.entity.payment.PaymentServiceImplTest" time="0.004"/>
  <testcase name="givenMerchantDoesNotExist_whenFindPaymentsByMerchant_thenThrowMerchantNotFoundException" classname="rest_api.entity.payment.PaymentServiceImplTest" time="0.003"/>
  <testcase name="givenMerchantExists_whenSavePayment_thenSucceed" classname="rest_api.entity.payment.PaymentServiceImplTest" time="0.009"/>
  <testcase name="givenMerchantDoesNotExist_whenSavePayment_thenThrowMerchantNotFoundException" classname="rest_api.entity.payment.PaymentServiceImplTest" time="0.006"/>
  <testcase name="givenPaymentDoesNotExist_whenDeletePayment_thenThrowException" classname="rest_api.entity.payment.PaymentServiceImplTest" time="0.002"/>
  <system-out><![CDATA[
  .   ____          _            __ _ _
 /\\ / ___'_ __ _ _(_)_ __  __ _ \ \ \ \
( ( )\___ | '_ | '_| | '_ \/ _` | \ \ \ \
 \\/  ___)| |_)| | | | | || (_| |  ) ) ) )
  '  |____| .__|_| |_|_| |_\__, | / / / /
 =========|_|==============|___/=/_/_/_/
 :: Spring Boot ::       (v1.5.10.RELEASE)

2018-03-22 09:00:17 [Test worker] WARN  o.s.b.t.j.DuplicateJsonObjectContextCustomizerFactory$DuplicateJsonObjectContextCustomizer - 

Found multiple occurrences of org.json.JSONObject on the class path:

	jar:file:/home/aherrington/.gradle/caches/modules-2/files-2.1/org.json/json/20160212/a742e3f85161835b95877478c5dd5b405cefaab9/json-20160212.jar!/org/json/JSONObject.class
	jar:file:/home/aherrington/.gradle/caches/modules-2/files-2.1/com.vaadin.external.google/android-json/0.0.20131108.vaadin1/fa26d351fe62a6a17f5cda1287c1c6110dec413f/android-json-0.0.20131108.vaadin1.jar!/org/json/JSONObject.class

You may wish to exclude one of them to ensure predictable runtime behavior

2018-03-22 09:00:17 [Test worker] INFO  o.s.w.c.s.GenericWebApplicationContext - Refreshing org.springframework.web.context.support.GenericWebApplicationContext@578510bd: startup date [Thu Mar 22 09:00:17 CDT 2018]; root of context hierarchy
2018-03-22 09:00:19 [Test worker] INFO  o.s.w.s.m.m.a.RequestMappingHandlerMapping - Mapped "{[/v1/merchant/{id}],methods=[PUT]}" onto public org.springframework.hateoas.Resource<rest_api.entity.merchant.MerchantDto> rest_api.entity.merchant.MerchantController.update(long,rest_api.entity.merchant.MerchantDto) throws rest_api.entity.merchant.MerchantNotFoundException
2018-03-22 09:00:19 [Test worker] INFO  o.s.w.s.m.m.a.RequestMappingHandlerMapping - Mapped "{[/v1/merchant],methods=[GET]}" onto public rest_api.entity.merchant.MerchantDtoResources rest_api.entity.merchant.MerchantController.find(org.springframework.data.domain.Pageable) throws rest_api.security.UnauthorizedAccessException
2018-03-22 09:00:19 [Test worker] INFO  o.s.w.s.m.m.a.RequestMappingHandlerMapping - Mapped "{[/v1/merchant/{id}],methods=[GET],produces=[application/json || application/xml]}" onto public org.springframework.hateoas.Resource<rest_api.entity.merchant.MerchantDto> rest_api.entity.merchant.MerchantController.find(long) throws rest_api.entity.merchant.MerchantNotFoundException
2018-03-22 09:00:19 [Test worker] INFO  o.s.w.s.m.m.a.RequestMappingHandlerMapping - Mapped "{[/v1/merchant/{id}],methods=[DELETE]}" onto public org.springframework.http.ResponseEntity rest_api.entity.merchant.MerchantController.delete(long) throws rest_api.entity.merchant.MerchantNotFoundException
2018-03-22 09:00:19 [Test worker] INFO  o.s.w.s.m.m.a.RequestMappingHandlerMapping - Mapped "{[/v1/merchant],methods=[POST]}" onto public org.springframework.hateoas.Resource<rest_api.entity.merchant.MerchantDto> rest_api.entity.merchant.MerchantController.create(rest_api.entity.merchant.MerchantDto) throws rest_api.security.UnauthorizedAccessException
2018-03-22 09:00:19 [Test worker] INFO  o.s.w.s.m.m.a.RequestMappingHandlerMapping - Mapped "{[/v1/merchant/{merchantId}/payment/{paymentId}],methods=[GET]}" onto public org.springframework.hateoas.Resource<rest_api.entity.payment.PaymentDto> rest_api.entity.payment.PaymentController.find(long,long) throws rest_api.entity.merchant.MerchantNotFoundException,rest_api.entity.payment.PaymentNotFoundException,rest_api.security.UnauthorizedAccessException
2018-03-22 09:00:19 [Test worker] INFO  o.s.w.s.m.m.a.RequestMappingHandlerMapping - Mapped "{[/v1/merchant/{merchantId}/payment],methods=[GET]}" onto public rest_api.entity.payment.PaymentDtoResources rest_api.entity.payment.PaymentController.find(long,org.springframework.data.domain.Pageable) throws rest_api.entity.merchant.MerchantNotFoundException,rest_api.security.UnauthorizedAccessException
2018-03-22 09:00:19 [Test worker] INFO  o.s.w.s.m.m.a.RequestMappingHandlerMapping - Mapped "{[/v1/merchant/{merchantId}/payment/{paymentId}],methods=[DELETE]}" onto public org.springframework.http.ResponseEntity rest_api.entity.payment.PaymentController.delete(long,long) throws rest_api.entity.merchant.MerchantNotFoundException,rest_api.entity.payment.PaymentNotFoundException
2018-03-22 09:00:19 [Test worker] INFO  o.s.w.s.m.m.a.RequestMappingHandlerMapping - Mapped "{[/v1/merchant/{merchantId}/payment],methods=[POST]}" onto public org.springframework.hateoas.Resource<rest_api.entity.payment.PaymentDto> rest_api.entity.payment.PaymentController.create(long,rest_api.entity.payment.PaymentDto) throws rest_api.entity.merchant.MerchantNotFoundException,rest_api.security.UnauthorizedAccessException
2018-03-22 09:00:19 [Test worker] INFO  o.s.w.s.m.m.a.RequestMappingHandlerMapping - Mapped "{[/user/token],methods=[GET]}" onto public rest_api.security.oauth.JwtToken rest_api.entity.user.UserController.getJwtToken(java.lang.String,java.lang.String) throws rest_api.security.UnauthorizedAccessException
2018-03-22 09:00:19 [Test worker] INFO  o.s.w.s.m.m.a.RequestMappingHandlerMapping - Mapped "{[/user/create],methods=[POST]}" onto public rest_api.entity.user.UserDto rest_api.entity.user.UserController.createNewUser(rest_api.entity.user.UserDto) throws rest_api.entity.user.UserExistsException
2018-03-22 09:00:19 [Test worker] INFO  o.s.w.s.m.m.a.RequestMappingHandlerMapping - Mapped "{[/error],produces=[text/html]}" onto public org.springframework.web.servlet.ModelAndView org.springframework.boot.autoconfigure.web.BasicErrorController.errorHtml(javax.servlet.http.HttpServletRequest,javax.servlet.http.HttpServletResponse)
2018-03-22 09:00:19 [Test worker] INFO  o.s.w.s.m.m.a.RequestMappingHandlerMapping - Mapped "{[/error]}" onto public org.springframework.http.ResponseEntity<java.util.Map<java.lang.String, java.lang.Object>> org.springframework.boot.autoconfigure.web.BasicErrorController.error(javax.servlet.http.HttpServletRequest)
2018-03-22 09:00:19 [Test worker] INFO  o.s.w.s.m.m.a.RequestMappingHandlerAdapter - Looking for @ControllerAdvice: org.springframework.web.context.support.GenericWebApplicationContext@578510bd: startup date [Thu Mar 22 09:00:17 CDT 2018]; root of context hierarchy
2018-03-22 09:00:19 [Test worker] INFO  o.s.w.s.m.m.a.ExceptionHandlerExceptionResolver - Detected @ExceptionHandler methods in controllerExceptionHandler
]]></system-out>
  <system-err><![CDATA[Thu Mar 22 09:00:17 CDT 2018 WARN: Establishing SSL connection without server's identity verification is not recommended. According to MySQL 5.5.45+, 5.6.26+ and 5.7.6+ requirements SSL connection must be established by default if explicit option isn't set. For compliance with existing applications not using SSL the verifyServerCertificate property is set to 'false'. You need either to explicitly disable SSL by setting useSSL=false, or set useSSL=true and provide truststore for server certificate verification.
Thu Mar 22 09:00:17 CDT 2018 WARN: Establishing SSL connection without server's identity verification is not recommended. According to MySQL 5.5.45+, 5.6.26+ and 5.7.6+ requirements SSL connection must be established by default if explicit option isn't set. For compliance with existing applications not using SSL the verifyServerCertificate property is set to 'false'. You need either to explicitly disable SSL by setting useSSL=false, or set useSSL=true and provide truststore for server certificate verification.
Thu Mar 22 09:00:17 CDT 2018 WARN: Establishing SSL connection without server's identity verification is not recommended. According to MySQL 5.5.45+, 5.6.26+ and 5.7.6+ requirements SSL connection must be established by default if explicit option isn't set. For compliance with existing applications not using SSL the verifyServerCertificate property is set to 'false'. You need either to explicitly disable SSL by setting useSSL=false, or set useSSL=true and provide truststore for server certificate verification.
Thu Mar 22 09:00:17 CDT 2018 WARN: Establishing SSL connection without server's identity verification is not recommended. According to MySQL 5.5.45+, 5.6.26+ and 5.7.6+ requirements SSL connection must be established by default if explicit option isn't set. For compliance with existing applications not using SSL the verifyServerCertificate property is set to 'false'. You need either to explicitly disable SSL by setting useSSL=false, or set useSSL=true and provide truststore for server certificate verification.
Thu Mar 22 09:00:17 CDT 2018 WARN: Establishing SSL connection without server's identity verification is not recommended. According to MySQL 5.5.45+, 5.6.26+ and 5.7.6+ requirements SSL connection must be established by default if explicit option isn't set. For compliance with existing applications not using SSL the verifyServerCertificate property is set to 'false'. You need either to explicitly disable SSL by setting useSSL=false, or set useSSL=true and provide truststore for server certificate verification.
Thu Mar 22 09:00:17 CDT 2018 WARN: Establishing SSL connection without server's identity verification is not recommended. According to MySQL 5.5.45+, 5.6.26+ and 5.7.6+ requirements SSL connection must be established by default if explicit option isn't set. For compliance with existing applications not using SSL the verifyServerCertificate property is set to 'false'. You need either to explicitly disable SSL by setting useSSL=false, or set useSSL=true and provide truststore for server certificate verification.
Thu Mar 22 09:00:17 CDT 2018 WARN: Establishing SSL connection without server's identity verification is not recommended. According to MySQL 5.5.45+, 5.6.26+ and 5.7.6+ requirements SSL connection must be established by default if explicit option isn't set. For compliance with existing applications not using SSL the verifyServerCertificate property is set to 'false'. You need either to explicitly disable SSL by setting useSSL=false, or set useSSL=true and provide truststore for server certificate verification.
Thu Mar 22 09:00:17 CDT 2018 WARN: Establishing SSL connection without server's identity verification is not recommended. According to MySQL 5.5.45+, 5.6.26+ and 5.7.6+ requirements SSL connection must be established by default if explicit option isn't set. For compliance with existing applications not using SSL the verifyServerCertificate property is set to 'false'. You need either to explicitly disable SSL by setting useSSL=false, or set useSSL=true and provide truststore for server certificate verification.
Thu Mar 22 09:00:17 CDT 2018 WARN: Establishing SSL connection without server's identity verification is not recommended. According to MySQL 5.5.45+, 5.6.26+ and 5.7.6+ requirements SSL connection must be established by default if explicit option isn't set. For compliance with existing applications not using SSL the verifyServerCertificate property is set to 'false'. You need either to explicitly disable SSL by setting useSSL=false, or set useSSL=true and provide truststore for server certificate verification.
Thu Mar 22 09:00:17 CDT 2018 WARN: Establishing SSL connection without server's identity verification is not recommended. According to MySQL 5.5.45+, 5.6.26+ and 5.7.6+ requirements SSL connection must be established by default if explicit option isn't set. For compliance with existing applications not using SSL the verifyServerCertificate property is set to 'false'. You need either to explicitly disable SSL by setting useSSL=false, or set useSSL=true and provide truststore for server certificate verification.
]]></system-err>
</testsuite>
