<?xml version="1.0" encoding="UTF-8"?>
<testsuite name="rest_api.events.payment_event.PaymentSaveEventListenerTest" tests="2" skipped="0" failures="0" errors="0" timestamp="2018-03-16T19:19:32" hostname="aherrington-Precision-5520" time="0.01">
  <properties/>
  <testcase name="givenBoardingIsOn_whenSaveMerchant_thenBoard" classname="rest_api.events.payment_event.PaymentSaveEventListenerTest" time="0.005"/>
  <testcase name="givenBoardingIsOff_whenSaveMerchant_thenDoNotBoard" classname="rest_api.events.payment_event.PaymentSaveEventListenerTest" time="0.004"/>
  <system-out><![CDATA[]]></system-out>
  <system-err><![CDATA[]]></system-err>
</testsuite>
